2024-04-09 13:24:40,143 INFO [main] c.t.MailTest [StartupInfoLogger.java:50] Starting MailTest using Java 17.0.9 with PID 81967 (started by tomas in /Users/tomas/Desktop/thomasForum)
2024-04-09 13:24:40,151 INFO [main] c.t.MailTest [SpringApplication.java:654] No active profile set, falling back to 1 default profile: "default"
2024-04-09 13:24:41,992 INFO [main] o.s.b.a.w.s.WelcomePageHandlerMapping [WelcomePageHandlerMapping.java:59] Adding welcome page template: index
2024-04-09 13:24:42,406 INFO [main] c.t.MailTest [StartupInfoLogger.java:56] Started MailTest in 2.769 seconds (process running for 4.458)
2024-04-09 13:24:51,304 INFO [restartedMain] c.t.ThomasForumApplication [StartupInfoLogger.java:50] Starting ThomasForumApplication using Java 17.0.9 with PID 82053 (/Users/tomas/Desktop/thomasForum/target/classes started by tomas in /Users/tomas/Desktop/thomasForum)
2024-04-09 13:24:51,306 INFO [restartedMain] c.t.ThomasForumApplication [SpringApplication.java:654] No active profile set, falling back to 1 default profile: "default"
2024-04-09 13:24:51,353 INFO [restartedMain] o.s.b.d.e.DevToolsPropertyDefaultsPostProcessor [DeferredLog.java:252] Devtools property defaults active! Set 'spring.devtools.add-properties' to 'false' to disable
2024-04-09 13:24:51,353 INFO [restartedMain] o.s.b.d.e.DevToolsPropertyDefaultsPostProcessor [DeferredLog.java:252] For additional web related logging consider setting the 'logging.level.web' property to 'DEBUG'
2024-04-09 13:24:52,249 INFO [restartedMain] o.s.b.w.e.t.TomcatWebServer [TomcatWebServer.java:109] Tomcat initialized with port 8080 (http)
2024-04-09 13:24:52,256 INFO [restartedMain] o.a.c.h.Http11NioProtocol [DirectJDKLog.java:173] Initializing ProtocolHandler ["http-nio-8080"]
2024-04-09 13:24:52,257 INFO [restartedMain] o.a.c.c.StandardService [DirectJDKLog.java:173] Starting service [Tomcat]
2024-04-09 13:24:52,257 INFO [restartedMain] o.a.c.c.StandardEngine [DirectJDKLog.java:173] Starting Servlet engine: [Apache Tomcat/10.1.19]
2024-04-09 13:24:52,288 INFO [restartedMain] o.a.c.c.C.[.[.[/] [DirectJDKLog.java:173] Initializing Spring embedded WebApplicationContext
2024-04-09 13:24:52,289 INFO [restartedMain] o.s.b.w.s.c.ServletWebServerApplicationContext [ServletWebServerApplicationContext.java:296] Root WebApplicationContext: initialization completed in 935 ms
2024-04-09 13:24:52,572 INFO [restartedMain] o.s.b.a.w.s.WelcomePageHandlerMapping [WelcomePageHandlerMapping.java:59] Adding welcome page template: index
2024-04-09 13:24:52,845 INFO [restartedMain] o.s.b.d.a.OptionalLiveReloadServer [OptionalLiveReloadServer.java:59] LiveReload server is running on port 35729
2024-04-09 13:24:52,872 INFO [restartedMain] o.a.c.h.Http11NioProtocol [DirectJDKLog.java:173] Starting ProtocolHandler ["http-nio-8080"]
2024-04-09 13:24:52,884 INFO [restartedMain] o.s.b.w.e.t.TomcatWebServer [TomcatWebServer.java:241] Tomcat started on port 8080 (http) with context path ''
2024-04-09 13:24:52,902 INFO [restartedMain] c.t.ThomasForumApplication [StartupInfoLogger.java:56] Started ThomasForumApplication in 2.476 seconds (process running for 3.135)
2024-04-09 13:24:57,862 INFO [http-nio-8080-exec-1] o.a.c.c.C.[.[.[/] [DirectJDKLog.java:173] Initializing Spring DispatcherServlet 'dispatcherServlet'
2024-04-09 13:24:57,879 INFO [http-nio-8080-exec-1] o.s.w.s.DispatcherServlet [FrameworkServlet.java:532] Initializing Servlet 'dispatcherServlet'
2024-04-09 13:24:57,886 INFO [http-nio-8080-exec-1] o.s.w.s.DispatcherServlet [FrameworkServlet.java:554] Completed initialization in 6 ms
2024-04-09 13:24:58,013 INFO [http-nio-8080-exec-1] c.z.h.HikariDataSource [HikariDataSource.java:110] HikariPool-1 - Starting...
2024-04-09 13:24:58,558 INFO [http-nio-8080-exec-1] c.z.h.p.HikariPool [HikariPool.java:565] HikariPool-1 - Added connection com.mysql.cj.jdbc.ConnectionImpl@7bdcdfc4
2024-04-09 13:24:58,562 INFO [http-nio-8080-exec-1] c.z.h.HikariDataSource [HikariDataSource.java:123] HikariPool-1 - Start completed.
2024-04-09 13:25:15,110 INFO [SpringApplicationShutdownHook] c.z.h.HikariDataSource [HikariDataSource.java:350] HikariPool-1 - Shutdown initiated...
2024-04-09 13:25:15,119 INFO [SpringApplicationShutdownHook] c.z.h.HikariDataSource [HikariDataSource.java:352] HikariPool-1 - Shutdown completed.
2024-04-09 13:27:52,754 INFO [restartedMain] c.t.ThomasForumApplication [StartupInfoLogger.java:50] Starting ThomasForumApplication using Java 17.0.9 with PID 83162 (/Users/tomas/Desktop/thomasForum/target/classes started by tomas in /Users/tomas/Desktop/thomasForum)
2024-04-09 13:27:52,758 INFO [restartedMain] c.t.ThomasForumApplication [SpringApplication.java:654] No active profile set, falling back to 1 default profile: "default"
2024-04-09 13:27:52,807 INFO [restartedMain] o.s.b.d.e.DevToolsPropertyDefaultsPostProcessor [DeferredLog.java:252] Devtools property defaults active! Set 'spring.devtools.add-properties' to 'false' to disable
2024-04-09 13:27:52,808 INFO [restartedMain] o.s.b.d.e.DevToolsPropertyDefaultsPostProcessor [DeferredLog.java:252] For additional web related logging consider setting the 'logging.level.web' property to 'DEBUG'
2024-04-09 13:27:53,737 INFO [restartedMain] o.s.b.w.e.t.TomcatWebServer [TomcatWebServer.java:109] Tomcat initialized with port 8080 (http)
2024-04-09 13:27:53,748 INFO [restartedMain] o.a.c.h.Http11NioProtocol [DirectJDKLog.java:173] Initializing ProtocolHandler ["http-nio-8080"]
2024-04-09 13:27:53,749 INFO [restartedMain] o.a.c.c.StandardService [DirectJDKLog.java:173] Starting service [Tomcat]
2024-04-09 13:27:53,749 INFO [restartedMain] o.a.c.c.StandardEngine [DirectJDKLog.java:173] Starting Servlet engine: [Apache Tomcat/10.1.19]
2024-04-09 13:27:53,785 INFO [restartedMain] o.a.c.c.C.[.[.[/] [DirectJDKLog.java:173] Initializing Spring embedded WebApplicationContext
2024-04-09 13:27:53,786 INFO [restartedMain] o.s.b.w.s.c.ServletWebServerApplicationContext [ServletWebServerApplicationContext.java:296] Root WebApplicationContext: initialization completed in 977 ms
2024-04-09 13:27:54,072 INFO [restartedMain] o.s.b.a.w.s.WelcomePageHandlerMapping [WelcomePageHandlerMapping.java:59] Adding welcome page template: index
2024-04-09 13:27:54,332 INFO [restartedMain] o.s.b.d.a.OptionalLiveReloadServer [OptionalLiveReloadServer.java:59] LiveReload server is running on port 35729
2024-04-09 13:27:54,350 INFO [restartedMain] o.a.c.h.Http11NioProtocol [DirectJDKLog.java:173] Starting ProtocolHandler ["http-nio-8080"]
2024-04-09 13:27:54,367 INFO [restartedMain] o.s.b.w.e.t.TomcatWebServer [TomcatWebServer.java:241] Tomcat started on port 8080 (http) with context path ''
2024-04-09 13:27:54,379 INFO [restartedMain] c.t.ThomasForumApplication [StartupInfoLogger.java:56] Started ThomasForumApplication in 2.189 seconds (process running for 2.8)
2024-04-09 13:27:58,638 INFO [http-nio-8080-exec-1] o.a.c.c.C.[.[.[/] [DirectJDKLog.java:173] Initializing Spring DispatcherServlet 'dispatcherServlet'
2024-04-09 13:27:58,639 INFO [http-nio-8080-exec-1] o.s.w.s.DispatcherServlet [FrameworkServlet.java:532] Initializing Servlet 'dispatcherServlet'
2024-04-09 13:27:58,642 INFO [http-nio-8080-exec-1] o.s.w.s.DispatcherServlet [FrameworkServlet.java:554] Completed initialization in 2 ms
2024-04-09 13:31:42,342 INFO [restartedMain] c.t.ThomasForumApplication [StartupInfoLogger.java:50] Starting ThomasForumApplication using Java 17.0.9 with PID 84581 (/Users/tomas/Desktop/thomasForum/target/classes started by tomas in /Users/tomas/Desktop/thomasForum)
2024-04-09 13:31:42,344 INFO [restartedMain] c.t.ThomasForumApplication [SpringApplication.java:654] No active profile set, falling back to 1 default profile: "default"
2024-04-09 13:31:42,396 INFO [restartedMain] o.s.b.d.e.DevToolsPropertyDefaultsPostProcessor [DeferredLog.java:252] Devtools property defaults active! Set 'spring.devtools.add-properties' to 'false' to disable
2024-04-09 13:31:42,396 INFO [restartedMain] o.s.b.d.e.DevToolsPropertyDefaultsPostProcessor [DeferredLog.java:252] For additional web related logging consider setting the 'logging.level.web' property to 'DEBUG'
2024-04-09 13:31:43,330 INFO [restartedMain] o.s.b.w.e.t.TomcatWebServer [TomcatWebServer.java:109] Tomcat initialized with port 8080 (http)
2024-04-09 13:31:43,337 INFO [restartedMain] o.a.c.h.Http11NioProtocol [DirectJDKLog.java:173] Initializing ProtocolHandler ["http-nio-8080"]
2024-04-09 13:31:43,338 INFO [restartedMain] o.a.c.c.StandardService [DirectJDKLog.java:173] Starting service [Tomcat]
2024-04-09 13:31:43,339 INFO [restartedMain] o.a.c.c.StandardEngine [DirectJDKLog.java:173] Starting Servlet engine: [Apache Tomcat/10.1.19]
2024-04-09 13:31:43,377 INFO [restartedMain] o.a.c.c.C.[.[.[/] [DirectJDKLog.java:173] Initializing Spring embedded WebApplicationContext
2024-04-09 13:31:43,377 INFO [restartedMain] o.s.b.w.s.c.ServletWebServerApplicationContext [ServletWebServerApplicationContext.java:296] Root WebApplicationContext: initialization completed in 980 ms
2024-04-09 13:31:43,675 INFO [restartedMain] o.s.b.a.w.s.WelcomePageHandlerMapping [WelcomePageHandlerMapping.java:59] Adding welcome page template: index
2024-04-09 13:31:43,938 INFO [restartedMain] o.s.b.d.a.OptionalLiveReloadServer [OptionalLiveReloadServer.java:59] LiveReload server is running on port 35729
2024-04-09 13:31:43,954 INFO [restartedMain] o.a.c.h.Http11NioProtocol [DirectJDKLog.java:173] Starting ProtocolHandler ["http-nio-8080"]
2024-04-09 13:31:43,964 INFO [restartedMain] o.s.b.w.e.t.TomcatWebServer [TomcatWebServer.java:241] Tomcat started on port 8080 (http) with context path ''
2024-04-09 13:31:43,976 INFO [restartedMain] c.t.ThomasForumApplication [StartupInfoLogger.java:56] Started ThomasForumApplication in 2.364 seconds (process running for 3.191)
2024-04-09 13:31:49,921 INFO [http-nio-8080-exec-1] o.a.c.c.C.[.[.[/] [DirectJDKLog.java:173] Initializing Spring DispatcherServlet 'dispatcherServlet'
2024-04-09 13:31:49,922 INFO [http-nio-8080-exec-1] o.s.w.s.DispatcherServlet [FrameworkServlet.java:532] Initializing Servlet 'dispatcherServlet'
2024-04-09 13:31:49,926 INFO [http-nio-8080-exec-1] o.s.w.s.DispatcherServlet [FrameworkServlet.java:554] Completed initialization in 3 ms
2024-04-09 13:32:00,017 INFO [http-nio-8080-exec-8] c.z.h.HikariDataSource [HikariDataSource.java:110] HikariPool-1 - Starting...
2024-04-09 13:32:00,134 INFO [http-nio-8080-exec-8] c.z.h.p.HikariPool [HikariPool.java:565] HikariPool-1 - Added connection com.mysql.cj.jdbc.ConnectionImpl@3ca3d207
2024-04-09 13:32:00,136 INFO [http-nio-8080-exec-8] c.z.h.HikariDataSource [HikariDataSource.java:123] HikariPool-1 - Start completed.
2024-04-09 13:32:45,776 INFO [SpringApplicationShutdownHook] c.z.h.HikariDataSource [HikariDataSource.java:350] HikariPool-1 - Shutdown initiated...
2024-04-09 13:32:45,794 INFO [SpringApplicationShutdownHook] c.z.h.HikariDataSource [HikariDataSource.java:352] HikariPool-1 - Shutdown completed.
2024-04-09 13:34:20,305 INFO [restartedMain] c.t.ThomasForumApplication [StartupInfoLogger.java:50] Starting ThomasForumApplication using Java 17.0.9 with PID 85545 (/Users/tomas/Desktop/thomasForum/target/classes started by tomas in /Users/tomas/Desktop/thomasForum)
2024-04-09 13:34:20,308 INFO [restartedMain] c.t.ThomasForumApplication [SpringApplication.java:654] No active profile set, falling back to 1 default profile: "default"
2024-04-09 13:34:20,362 INFO [restartedMain] o.s.b.d.e.DevToolsPropertyDefaultsPostProcessor [DeferredLog.java:252] Devtools property defaults active! Set 'spring.devtools.add-properties' to 'false' to disable
2024-04-09 13:34:20,363 INFO [restartedMain] o.s.b.d.e.DevToolsPropertyDefaultsPostProcessor [DeferredLog.java:252] For additional web related logging consider setting the 'logging.level.web' property to 'DEBUG'
2024-04-09 13:34:21,583 INFO [restartedMain] o.s.b.w.e.t.TomcatWebServer [TomcatWebServer.java:109] Tomcat initialized with port 8080 (http)
2024-04-09 13:34:21,592 INFO [restartedMain] o.a.c.h.Http11NioProtocol [DirectJDKLog.java:173] Initializing ProtocolHandler ["http-nio-8080"]
2024-04-09 13:34:21,593 INFO [restartedMain] o.a.c.c.StandardService [DirectJDKLog.java:173] Starting service [Tomcat]
2024-04-09 13:34:21,593 INFO [restartedMain] o.a.c.c.StandardEngine [DirectJDKLog.java:173] Starting Servlet engine: [Apache Tomcat/10.1.19]
2024-04-09 13:34:21,633 INFO [restartedMain] o.a.c.c.C.[.[.[/] [DirectJDKLog.java:173] Initializing Spring embedded WebApplicationContext
2024-04-09 13:34:21,634 INFO [restartedMain] o.s.b.w.s.c.ServletWebServerApplicationContext [ServletWebServerApplicationContext.java:296] Root WebApplicationContext: initialization completed in 1271 ms
2024-04-09 13:34:21,947 INFO [restartedMain] o.s.b.a.w.s.WelcomePageHandlerMapping [WelcomePageHandlerMapping.java:59] Adding welcome page template: index
2024-04-09 13:34:22,395 INFO [restartedMain] o.s.b.d.a.OptionalLiveReloadServer [OptionalLiveReloadServer.java:59] LiveReload server is running on port 35729
2024-04-09 13:34:22,565 INFO [restartedMain] o.a.c.h.Http11NioProtocol [DirectJDKLog.java:173] Starting ProtocolHandler ["http-nio-8080"]
2024-04-09 13:34:22,669 INFO [restartedMain] o.s.b.w.e.t.TomcatWebServer [TomcatWebServer.java:241] Tomcat started on port 8080 (http) with context path ''
2024-04-09 13:34:22,716 INFO [restartedMain] c.t.ThomasForumApplication [StartupInfoLogger.java:56] Started ThomasForumApplication in 3.019 seconds (process running for 3.99)
2024-04-09 13:34:23,566 INFO [http-nio-8080-exec-1] o.a.c.c.C.[.[.[/] [DirectJDKLog.java:173] Initializing Spring DispatcherServlet 'dispatcherServlet'
2024-04-09 13:34:23,566 INFO [http-nio-8080-exec-1] o.s.w.s.DispatcherServlet [FrameworkServlet.java:532] Initializing Servlet 'dispatcherServlet'
2024-04-09 13:34:23,568 INFO [http-nio-8080-exec-1] o.s.w.s.DispatcherServlet [FrameworkServlet.java:554] Completed initialization in 2 ms
2024-04-09 13:34:28,064 INFO [http-nio-8080-exec-7] c.z.h.HikariDataSource [HikariDataSource.java:110] HikariPool-1 - Starting...
2024-04-09 13:34:28,170 INFO [http-nio-8080-exec-7] c.z.h.p.HikariPool [HikariPool.java:565] HikariPool-1 - Added connection com.mysql.cj.jdbc.ConnectionImpl@1d3eb3dd
2024-04-09 13:34:28,172 INFO [http-nio-8080-exec-7] c.z.h.HikariDataSource [HikariDataSource.java:123] HikariPool-1 - Start completed.
2024-04-09 13:35:29,494 INFO [SpringApplicationShutdownHook] c.z.h.HikariDataSource [HikariDataSource.java:350] HikariPool-1 - Shutdown initiated...
2024-04-09 13:35:29,505 INFO [SpringApplicationShutdownHook] c.z.h.HikariDataSource [HikariDataSource.java:352] HikariPool-1 - Shutdown completed.
